  [1m[36m (16.0ms)[0m  [1mCREATE TABLE "schema_migrations" ("version" varchar(255) NOT NULL) [0m
  [1m[35m (14.1ms)[0m  CREATE UNIQUE INDEX "unique_schema_migrations" ON "schema_migrations" ("version")
  [1m[36mActiveRecord::SchemaMigration Load (1.0ms)[0m  [1mSELECT "schema_migrations".* FROM "schema_migrations"[0m
  [1m[36m (14.0ms)[0m  [1mCREATE TABLE "schema_migrations" ("version" varchar(255) NOT NULL) [0m
  [1m[35m (14.0ms)[0m  CREATE UNIQUE INDEX "unique_schema_migrations" ON "schema_migrations" ("version")
  [1m[36m (1.0ms)[0m  [1mSELECT version FROM "schema_migrations"[0m
  [1m[35m (13.0ms)[0m  INSERT INTO "schema_migrations" (version) VALUES ('0')
  [1m[36m (20.7ms)[0m  [1mCREATE TABLE "schema_migrations" ("version" varchar(255) NOT NULL) [0m
  [1m[35m (16.7ms)[0m  CREATE UNIQUE INDEX "unique_schema_migrations" ON "schema_migrations" ("version")
  [1m[36m (0.6ms)[0m  [1mSELECT version FROM "schema_migrations"[0m
  [1m[35m (18.1ms)[0m  INSERT INTO "schema_migrations" (version) VALUES ('0')
  [1m[36m (24.7ms)[0m  [1mCREATE TABLE "schema_migrations" ("version" varchar(255) NOT NULL) [0m
  [1m[35m (26.3ms)[0m  CREATE UNIQUE INDEX "unique_schema_migrations" ON "schema_migrations" ("version")
  [1m[36m (0.8ms)[0m  [1mSELECT version FROM "schema_migrations"[0m
  [1m[35m (21.5ms)[0m  INSERT INTO "schema_migrations" (version) VALUES ('0')
  [1m[36m (18.5ms)[0m  [1mCREATE TABLE "schema_migrations" ("version" varchar(255) NOT NULL) [0m
  [1m[35m (19.7ms)[0m  CREATE UNIQUE INDEX "unique_schema_migrations" ON "schema_migrations" ("version")
  [1m[36m (0.9ms)[0m  [1mSELECT version FROM "schema_migrations"[0m
  [1m[35m (20.1ms)[0m  INSERT INTO "schema_migrations" (version) VALUES ('0')
  [1m[36m (18.3ms)[0m  [1mCREATE TABLE "schema_migrations" ("version" varchar(255) NOT NULL) [0m
  [1m[35m (15.3ms)[0m  CREATE UNIQUE INDEX "unique_schema_migrations" ON "schema_migrations" ("version")
  [1m[36m (0.6ms)[0m  [1mSELECT version FROM "schema_migrations"[0m
  [1m[35m (16.6ms)[0m  INSERT INTO "schema_migrations" (version) VALUES ('0')
  [1m[36m (20.9ms)[0m  [1mCREATE TABLE "schema_migrations" ("version" varchar(255) NOT NULL) [0m
  [1m[35m (20.4ms)[0m  CREATE UNIQUE INDEX "unique_schema_migrations" ON "schema_migrations" ("version")
  [1m[36m (1.1ms)[0m  [1mSELECT version FROM "schema_migrations"[0m
  [1m[35m (19.0ms)[0m  INSERT INTO "schema_migrations" (version) VALUES ('0')
  [1m[36m (27.4ms)[0m  [1mCREATE TABLE "schema_migrations" ("version" varchar(255) NOT NULL) [0m
  [1m[35m (18.8ms)[0m  CREATE UNIQUE INDEX "unique_schema_migrations" ON "schema_migrations" ("version")
  [1m[36m (0.9ms)[0m  [1mSELECT version FROM "schema_migrations"[0m
  [1m[35m (22.9ms)[0m  INSERT INTO "schema_migrations" (version) VALUES ('0')
  [1m[36m (23.2ms)[0m  [1mCREATE TABLE "schema_migrations" ("version" varchar(255) NOT NULL) [0m
  [1m[35m (22.8ms)[0m  CREATE UNIQUE INDEX "unique_schema_migrations" ON "schema_migrations" ("version")
  [1m[36m (0.6ms)[0m  [1mSELECT version FROM "schema_migrations"[0m
  [1m[35m (24.8ms)[0m  INSERT INTO "schema_migrations" (version) VALUES ('0')
  [1m[36m (12.2ms)[0m  [1mCREATE TABLE "schema_migrations" ("version" varchar(255) NOT NULL) [0m
  [1m[35m (11.5ms)[0m  CREATE UNIQUE INDEX "unique_schema_migrations" ON "schema_migrations" ("version")
  [1m[36m (0.2ms)[0m  [1mSELECT version FROM "schema_migrations"[0m
  [1m[35m (14.2ms)[0m  INSERT INTO "schema_migrations" (version) VALUES ('0')
  [1m[36m (17.4ms)[0m  [1mCREATE TABLE "schema_migrations" ("version" varchar(255) NOT NULL) [0m
  [1m[35m (16.9ms)[0m  CREATE UNIQUE INDEX "unique_schema_migrations" ON "schema_migrations" ("version")
  [1m[36m (0.7ms)[0m  [1mSELECT version FROM "schema_migrations"[0m
  [1m[35m (21.9ms)[0m  INSERT INTO "schema_migrations" (version) VALUES ('0')
  [1m[36m (55.0ms)[0m  [1mCREATE TABLE "schema_migrations" ("version" varchar(255) NOT NULL) [0m
  [1m[35m (29.3ms)[0m  CREATE UNIQUE INDEX "unique_schema_migrations" ON "schema_migrations" ("version")
  [1m[36m (0.8ms)[0m  [1mSELECT version FROM "schema_migrations"[0m
  [1m[35m (19.1ms)[0m  INSERT INTO "schema_migrations" (version) VALUES ('0')
  [1m[36m (19.9ms)[0m  [1mCREATE TABLE "schema_migrations" ("version" varchar(255) NOT NULL) [0m
  [1m[35m (17.0ms)[0m  CREATE UNIQUE INDEX "unique_schema_migrations" ON "schema_migrations" ("version")
  [1m[36m (0.6ms)[0m  [1mSELECT version FROM "schema_migrations"[0m
  [1m[35m (16.5ms)[0m  INSERT INTO "schema_migrations" (version) VALUES ('0')
  [1m[36m (18.4ms)[0m  [1mCREATE TABLE "schema_migrations" ("version" varchar(255) NOT NULL) [0m
  [1m[35m (30.3ms)[0m  CREATE UNIQUE INDEX "unique_schema_migrations" ON "schema_migrations" ("version")
  [1m[36m (0.9ms)[0m  [1mSELECT version FROM "schema_migrations"[0m
  [1m[35m (40.6ms)[0m  INSERT INTO "schema_migrations" (version) VALUES ('0')
  [1m[36m (18.5ms)[0m  [1mCREATE TABLE "schema_migrations" ("version" varchar(255) NOT NULL) [0m
  [1m[35m (19.0ms)[0m  CREATE UNIQUE INDEX "unique_schema_migrations" ON "schema_migrations" ("version")
  [1m[36m (0.8ms)[0m  [1mSELECT version FROM "schema_migrations"[0m
  [1m[35m (18.0ms)[0m  INSERT INTO "schema_migrations" (version) VALUES ('0')
  [1m[36m (30.4ms)[0m  [1mCREATE TABLE "schema_migrations" ("version" varchar(255) NOT NULL) [0m
  [1m[35m (17.0ms)[0m  CREATE UNIQUE INDEX "unique_schema_migrations" ON "schema_migrations" ("version")
  [1m[36m (1.5ms)[0m  [1mSELECT version FROM "schema_migrations"[0m
  [1m[35m (22.5ms)[0m  INSERT INTO "schema_migrations" (version) VALUES ('0')
  [1m[36m (19.2ms)[0m  [1mCREATE TABLE "schema_migrations" ("version" varchar(255) NOT NULL) [0m
  [1m[35m (17.9ms)[0m  CREATE UNIQUE INDEX "unique_schema_migrations" ON "schema_migrations" ("version")
  [1m[36m (0.3ms)[0m  [1mSELECT version FROM "schema_migrations"[0m
  [1m[35m (19.4ms)[0m  INSERT INTO "schema_migrations" (version) VALUES ('0')
  [1m[36m (16.3ms)[0m  [1mCREATE TABLE "schema_migrations" ("version" varchar(255) NOT NULL) [0m
  [1m[35m (17.1ms)[0m  CREATE UNIQUE INDEX "unique_schema_migrations" ON "schema_migrations" ("version")
  [1m[36m (0.5ms)[0m  [1mSELECT version FROM "schema_migrations"[0m
  [1m[35m (18.3ms)[0m  INSERT INTO "schema_migrations" (version) VALUES ('0')
  [1m[36m (17.3ms)[0m  [1mCREATE TABLE "schema_migrations" ("version" varchar(255) NOT NULL) [0m
  [1m[35m (17.5ms)[0m  CREATE UNIQUE INDEX "unique_schema_migrations" ON "schema_migrations" ("version")
  [1m[36m (0.7ms)[0m  [1mSELECT version FROM "schema_migrations"[0m
  [1m[35m (20.2ms)[0m  INSERT INTO "schema_migrations" (version) VALUES ('0')
  [1m[36m (18.5ms)[0m  [1mCREATE TABLE "schema_migrations" ("version" varchar(255) NOT NULL) [0m
  [1m[35m (14.1ms)[0m  CREATE UNIQUE INDEX "unique_schema_migrations" ON "schema_migrations" ("version")
  [1m[36m (1.6ms)[0m  [1mSELECT version FROM "schema_migrations"[0m
  [1m[35m (16.4ms)[0m  INSERT INTO "schema_migrations" (version) VALUES ('0')
  [1m[36m (22.2ms)[0m  [1mCREATE TABLE "schema_migrations" ("version" varchar(255) NOT NULL) [0m
  [1m[35m (14.6ms)[0m  CREATE UNIQUE INDEX "unique_schema_migrations" ON "schema_migrations" ("version")
  [1m[36m (0.1ms)[0m  [1mSELECT version FROM "schema_migrations"[0m
  [1m[35m (15.0ms)[0m  INSERT INTO "schema_migrations" (version) VALUES ('0')
  [1m[36m (14.8ms)[0m  [1mCREATE TABLE "schema_migrations" ("version" varchar(255) NOT NULL) [0m
  [1m[35m (9.9ms)[0m  CREATE UNIQUE INDEX "unique_schema_migrations" ON "schema_migrations" ("version")
  [1m[36m (0.3ms)[0m  [1mSELECT version FROM "schema_migrations"[0m
  [1m[35m (9.3ms)[0m  INSERT INTO "schema_migrations" (version) VALUES ('0')
  [1m[36m (23.0ms)[0m  [1mCREATE TABLE "schema_migrations" ("version" varchar(255) NOT NULL) [0m
  [1m[35m (24.1ms)[0m  CREATE UNIQUE INDEX "unique_schema_migrations" ON "schema_migrations" ("version")
  [1m[36m (0.9ms)[0m  [1mSELECT version FROM "schema_migrations"[0m
  [1m[35m (23.0ms)[0m  INSERT INTO "schema_migrations" (version) VALUES ('0')
  [1m[36m (16.8ms)[0m  [1mCREATE TABLE "schema_migrations" ("version" varchar(255) NOT NULL) [0m
  [1m[35m (16.9ms)[0m  CREATE UNIQUE INDEX "unique_schema_migrations" ON "schema_migrations" ("version")
  [1m[36m (0.5ms)[0m  [1mSELECT version FROM "schema_migrations"[0m
  [1m[35m (17.5ms)[0m  INSERT INTO "schema_migrations" (version) VALUES ('0')
  [1m[36m (18.2ms)[0m  [1mCREATE TABLE "schema_migrations" ("version" varchar(255) NOT NULL) [0m
  [1m[35m (14.9ms)[0m  CREATE UNIQUE INDEX "unique_schema_migrations" ON "schema_migrations" ("version")
  [1m[36m (0.5ms)[0m  [1mSELECT version FROM "schema_migrations"[0m
  [1m[35m (15.6ms)[0m  INSERT INTO "schema_migrations" (version) VALUES ('0')
  [1m[36m (38.1ms)[0m  [1mCREATE TABLE "schema_migrations" ("version" varchar(255) NOT NULL) [0m
  [1m[35m (18.9ms)[0m  CREATE UNIQUE INDEX "unique_schema_migrations" ON "schema_migrations" ("version")
  [1m[36m (0.9ms)[0m  [1mSELECT version FROM "schema_migrations"[0m
  [1m[35m (26.3ms)[0m  INSERT INTO "schema_migrations" (version) VALUES ('0')
  [1m[36mActiveRecord::SchemaMigration Load (0.4ms)[0m  [1mSELECT "schema_migrations".* FROM "schema_migrations"[0m
Migrating to CreateSquarrelAuthentications (20131020012158)
  [1m[35m (0.8ms)[0m  begin transaction
  [1m[36m (2.8ms)[0m  [1mCREATE TABLE "squarrel_authentications" ("id" INTEGER PRIMARY KEY AUTOINCREMENT NOT NULL, "created_at" datetime, "updated_at" datetime) [0m
  [1m[35mSQL (0.8ms)[0m  INSERT INTO "schema_migrations" ("version") VALUES (?)  [["version", "20131020012158"]]
  [1m[36m (17.6ms)[0m  [1mcommit transaction[0m
  [1m[35mActiveRecord::SchemaMigration Load (0.5ms)[0m  SELECT "schema_migrations".* FROM "schema_migrations"
  [1m[36m (20.0ms)[0m  [1mCREATE TABLE "squarrel_authentications" ("id" INTEGER PRIMARY KEY AUTOINCREMENT NOT NULL, "created_at" datetime, "updated_at" datetime) [0m
  [1m[35m (17.5ms)[0m  CREATE TABLE "schema_migrations" ("version" varchar(255) NOT NULL) 
  [1m[36m (18.8ms)[0m  [1mCREATE UNIQUE INDEX "unique_schema_migrations" ON "schema_migrations" ("version")[0m
  [1m[35m (0.5ms)[0m  SELECT version FROM "schema_migrations"
  [1m[36m (20.8ms)[0m  [1mINSERT INTO "schema_migrations" (version) VALUES ('20131020012158')[0m
  [1m[35mActiveRecord::SchemaMigration Load (0.2ms)[0m  SELECT "schema_migrations".* FROM "schema_migrations"
  [1m[36mActiveRecord::SchemaMigration Load (0.7ms)[0m  [1mSELECT "schema_migrations".* FROM "schema_migrations"[0m
  [1m[35mActiveRecord::SchemaMigration Load (0.6ms)[0m  SELECT "schema_migrations".* FROM "schema_migrations"
Migrating to CreateSquarrelAuthentications (20131020012158)
  [1m[36m (0.6ms)[0m  [1mbegin transaction[0m
  [1m[35m (0.2ms)[0m  rollback transaction
  [1m[36mActiveRecord::SchemaMigration Load (0.5ms)[0m  [1mSELECT "schema_migrations".* FROM "schema_migrations"[0m
  [1m[35mActiveRecord::SchemaMigration Load (0.6ms)[0m  SELECT "schema_migrations".* FROM "schema_migrations"
  [1m[36m (17.4ms)[0m  [1mCREATE TABLE "schema_migrations" ("version" varchar(255) NOT NULL) [0m
  [1m[35m (17.8ms)[0m  CREATE UNIQUE INDEX "unique_schema_migrations" ON "schema_migrations" ("version")
  [1m[36mActiveRecord::SchemaMigration Load (0.3ms)[0m  [1mSELECT "schema_migrations".* FROM "schema_migrations"[0m
Migrating to CreateSquarrelAuthentications (20131020012158)
  [1m[35m (0.6ms)[0m  begin transaction
  [1m[36m (2.3ms)[0m  [1mCREATE TABLE "squarrel_authentications" ("id" INTEGER PRIMARY KEY AUTOINCREMENT NOT NULL, "nut" varchar(255) NOT NULL, "orig_ip" varchar(255) NOT NULL, "ip" varchar(255) NOT NULL, "user_id" integer NOT NULL, "created_at" datetime, "updated_at" datetime) [0m
  [1m[35m (0.9ms)[0m  CREATE UNIQUE INDEX "index_squarrel_authentications_on_nut" ON "squarrel_authentications" ("nut")
  [1m[36mSQL (1.8ms)[0m  [1mINSERT INTO "schema_migrations" ("version") VALUES (?)[0m  [["version", "20131020012158"]]
  [1m[35m (22.8ms)[0m  commit transaction
  [1m[36mActiveRecord::SchemaMigration Load (0.8ms)[0m  [1mSELECT "schema_migrations".* FROM "schema_migrations"[0m
  [1m[36m (15.7ms)[0m  [1mCREATE TABLE "squarrel_authentications" ("id" INTEGER PRIMARY KEY AUTOINCREMENT NOT NULL, "nut" varchar(255) NOT NULL, "orig_ip" varchar(255) NOT NULL, "ip" varchar(255) NOT NULL, "user_id" integer NOT NULL, "created_at" datetime, "updated_at" datetime) [0m
  [1m[35m (14.2ms)[0m  CREATE UNIQUE INDEX "index_squarrel_authentications_on_nut" ON "squarrel_authentications" ("nut")
  [1m[36m (13.0ms)[0m  [1mCREATE TABLE "schema_migrations" ("version" varchar(255) NOT NULL) [0m
  [1m[35m (17.0ms)[0m  CREATE UNIQUE INDEX "unique_schema_migrations" ON "schema_migrations" ("version")
  [1m[36m (0.4ms)[0m  [1mSELECT version FROM "schema_migrations"[0m
  [1m[35m (17.3ms)[0m  INSERT INTO "schema_migrations" (version) VALUES ('20131020012158')
  [1m[36m (18.6ms)[0m  [1mCREATE TABLE "squarrel_authentications" ("id" INTEGER PRIMARY KEY AUTOINCREMENT NOT NULL, "nut" varchar(255) NOT NULL, "orig_ip" varchar(255) NOT NULL, "ip" varchar(255) NOT NULL, "user_id" integer NOT NULL, "created_at" datetime, "updated_at" datetime) [0m
  [1m[35m (16.3ms)[0m  CREATE UNIQUE INDEX "index_squarrel_authentications_on_nut" ON "squarrel_authentications" ("nut")
  [1m[36m (16.7ms)[0m  [1mCREATE TABLE "schema_migrations" ("version" varchar(255) NOT NULL) [0m
  [1m[35m (16.5ms)[0m  CREATE UNIQUE INDEX "unique_schema_migrations" ON "schema_migrations" ("version")
  [1m[36m (0.8ms)[0m  [1mSELECT version FROM "schema_migrations"[0m
  [1m[35m (16.7ms)[0m  INSERT INTO "schema_migrations" (version) VALUES ('20131020012158')
  [1m[36m (19.5ms)[0m  [1mCREATE TABLE "squarrel_authentications" ("id" INTEGER PRIMARY KEY AUTOINCREMENT NOT NULL, "nut" varchar(255) NOT NULL, "orig_ip" varchar(255) NOT NULL, "ip" varchar(255) NOT NULL, "user_id" integer NOT NULL, "created_at" datetime, "updated_at" datetime) [0m
  [1m[35m (15.4ms)[0m  CREATE UNIQUE INDEX "index_squarrel_authentications_on_nut" ON "squarrel_authentications" ("nut")
  [1m[36m (15.7ms)[0m  [1mCREATE TABLE "schema_migrations" ("version" varchar(255) NOT NULL) [0m
  [1m[35m (17.1ms)[0m  CREATE UNIQUE INDEX "unique_schema_migrations" ON "schema_migrations" ("version")
  [1m[36m (0.6ms)[0m  [1mSELECT version FROM "schema_migrations"[0m
  [1m[35m (16.7ms)[0m  INSERT INTO "schema_migrations" (version) VALUES ('20131020012158')
  [1m[36m (17.3ms)[0m  [1mCREATE TABLE "squarrel_authentications" ("id" INTEGER PRIMARY KEY AUTOINCREMENT NOT NULL, "nut" varchar(255) NOT NULL, "orig_ip" varchar(255) NOT NULL, "ip" varchar(255) NOT NULL, "user_id" integer NOT NULL, "created_at" datetime, "updated_at" datetime) [0m
  [1m[35m (17.3ms)[0m  CREATE UNIQUE INDEX "index_squarrel_authentications_on_nut" ON "squarrel_authentications" ("nut")
  [1m[36m (17.6ms)[0m  [1mCREATE TABLE "schema_migrations" ("version" varchar(255) NOT NULL) [0m
  [1m[35m (18.5ms)[0m  CREATE UNIQUE INDEX "unique_schema_migrations" ON "schema_migrations" ("version")
  [1m[36m (0.6ms)[0m  [1mSELECT version FROM "schema_migrations"[0m
  [1m[35m (17.8ms)[0m  INSERT INTO "schema_migrations" (version) VALUES ('20131020012158')
  [1m[36m (16.3ms)[0m  [1mCREATE TABLE "squarrel_authentications" ("id" INTEGER PRIMARY KEY AUTOINCREMENT NOT NULL, "nut" varchar(255) NOT NULL, "orig_ip" varchar(255) NOT NULL, "ip" varchar(255) NOT NULL, "user_id" integer NOT NULL, "created_at" datetime, "updated_at" datetime) [0m
  [1m[35m (16.3ms)[0m  CREATE UNIQUE INDEX "index_squarrel_authentications_on_nut" ON "squarrel_authentications" ("nut")
  [1m[36m (16.0ms)[0m  [1mCREATE TABLE "schema_migrations" ("version" varchar(255) NOT NULL) [0m
  [1m[35m (17.1ms)[0m  CREATE UNIQUE INDEX "unique_schema_migrations" ON "schema_migrations" ("version")
  [1m[36m (0.8ms)[0m  [1mSELECT version FROM "schema_migrations"[0m
  [1m[35m (19.0ms)[0m  INSERT INTO "schema_migrations" (version) VALUES ('20131020012158')
  [1m[36m (17.5ms)[0m  [1mCREATE TABLE "squarrel_authentications" ("id" INTEGER PRIMARY KEY AUTOINCREMENT NOT NULL, "nut" varchar(255) NOT NULL, "orig_ip" varchar(255) NOT NULL, "ip" varchar(255) NOT NULL, "user_id" integer NOT NULL, "created_at" datetime, "updated_at" datetime) [0m
  [1m[35m (16.6ms)[0m  CREATE UNIQUE INDEX "index_squarrel_authentications_on_nut" ON "squarrel_authentications" ("nut")
  [1m[36m (17.7ms)[0m  [1mCREATE TABLE "schema_migrations" ("version" varchar(255) NOT NULL) [0m
  [1m[35m (18.2ms)[0m  CREATE UNIQUE INDEX "unique_schema_migrations" ON "schema_migrations" ("version")
  [1m[36m (0.6ms)[0m  [1mSELECT version FROM "schema_migrations"[0m
  [1m[35m (19.2ms)[0m  INSERT INTO "schema_migrations" (version) VALUES ('20131020012158')
  [1m[36m (17.4ms)[0m  [1mCREATE TABLE "squarrel_authentications" ("id" INTEGER PRIMARY KEY AUTOINCREMENT NOT NULL, "nut" varchar(255) NOT NULL, "orig_ip" varchar(255) NOT NULL, "ip" varchar(255) NOT NULL, "user_id" integer NOT NULL, "created_at" datetime, "updated_at" datetime) [0m
  [1m[35m (17.3ms)[0m  CREATE UNIQUE INDEX "index_squarrel_authentications_on_nut" ON "squarrel_authentications" ("nut")
  [1m[36m (17.6ms)[0m  [1mCREATE TABLE "schema_migrations" ("version" varchar(255) NOT NULL) [0m
  [1m[35m (20.9ms)[0m  CREATE UNIQUE INDEX "unique_schema_migrations" ON "schema_migrations" ("version")
  [1m[36m (0.9ms)[0m  [1mSELECT version FROM "schema_migrations"[0m
  [1m[35m (19.8ms)[0m  INSERT INTO "schema_migrations" (version) VALUES ('20131020012158')
  [1m[36m (18.0ms)[0m  [1mCREATE TABLE "squarrel_authentications" ("id" INTEGER PRIMARY KEY AUTOINCREMENT NOT NULL, "nut" varchar(255) NOT NULL, "orig_ip" varchar(255) NOT NULL, "ip" varchar(255) NOT NULL, "user_id" integer NOT NULL, "created_at" datetime, "updated_at" datetime) [0m
  [1m[35m (19.0ms)[0m  CREATE UNIQUE INDEX "index_squarrel_authentications_on_nut" ON "squarrel_authentications" ("nut")
  [1m[36m (68.0ms)[0m  [1mCREATE TABLE "schema_migrations" ("version" varchar(255) NOT NULL) [0m
  [1m[35m (38.0ms)[0m  CREATE UNIQUE INDEX "unique_schema_migrations" ON "schema_migrations" ("version")
  [1m[36m (0.6ms)[0m  [1mSELECT version FROM "schema_migrations"[0m
  [1m[35m (16.4ms)[0m  INSERT INTO "schema_migrations" (version) VALUES ('20131020012158')
  [1m[36m (7.6ms)[0m  [1mCREATE TABLE "squarrel_authentications" ("id" INTEGER PRIMARY KEY AUTOINCREMENT NOT NULL, "nut" varchar(255) NOT NULL, "orig_ip" varchar(255) NOT NULL, "ip" varchar(255) NOT NULL, "user_id" integer NOT NULL, "created_at" datetime, "updated_at" datetime) [0m
  [1m[35m (7.2ms)[0m  CREATE UNIQUE INDEX "index_squarrel_authentications_on_nut" ON "squarrel_authentications" ("nut")
  [1m[36m (7.3ms)[0m  [1mCREATE TABLE "schema_migrations" ("version" varchar(255) NOT NULL) [0m
  [1m[35m (5.5ms)[0m  CREATE UNIQUE INDEX "unique_schema_migrations" ON "schema_migrations" ("version")
  [1m[36m (0.2ms)[0m  [1mSELECT version FROM "schema_migrations"[0m
  [1m[35m (5.2ms)[0m  INSERT INTO "schema_migrations" (version) VALUES ('20131020012158')
  [1m[36mActiveRecord::SchemaMigration Load (0.1ms)[0m  [1mSELECT "schema_migrations".* FROM "schema_migrations"[0m
  [1m[36m (14.6ms)[0m  [1mCREATE TABLE "squarrel_authentications" ("id" INTEGER PRIMARY KEY AUTOINCREMENT NOT NULL, "nut" varchar(255) NOT NULL, "orig_ip" varchar(255) NOT NULL, "ip" varchar(255) NOT NULL, "user_id" integer NOT NULL, "created_at" datetime, "updated_at" datetime) [0m
  [1m[35m (13.7ms)[0m  CREATE UNIQUE INDEX "index_squarrel_authentications_on_nut" ON "squarrel_authentications" ("nut")
  [1m[36m (15.9ms)[0m  [1mCREATE TABLE "schema_migrations" ("version" varchar(255) NOT NULL) [0m
  [1m[35m (16.8ms)[0m  CREATE UNIQUE INDEX "unique_schema_migrations" ON "schema_migrations" ("version")
  [1m[36m (0.5ms)[0m  [1mSELECT version FROM "schema_migrations"[0m
  [1m[35m (16.8ms)[0m  INSERT INTO "schema_migrations" (version) VALUES ('20131020012158')
  [1m[36m (19.5ms)[0m  [1mCREATE TABLE "squarrel_authentications" ("id" INTEGER PRIMARY KEY AUTOINCREMENT NOT NULL, "nut" varchar(255) NOT NULL, "orig_ip" varchar(255) NOT NULL, "ip" varchar(255) NOT NULL, "user_id" integer NOT NULL, "created_at" datetime, "updated_at" datetime) [0m
  [1m[35m (19.9ms)[0m  CREATE UNIQUE INDEX "index_squarrel_authentications_on_nut" ON "squarrel_authentications" ("nut")
  [1m[36m (15.3ms)[0m  [1mCREATE TABLE "schema_migrations" ("version" varchar(255) NOT NULL) [0m
  [1m[35m (17.6ms)[0m  CREATE UNIQUE INDEX "unique_schema_migrations" ON "schema_migrations" ("version")
  [1m[36m (0.4ms)[0m  [1mSELECT version FROM "schema_migrations"[0m
  [1m[35m (17.5ms)[0m  INSERT INTO "schema_migrations" (version) VALUES ('20131020012158')
  [1m[36m (18.1ms)[0m  [1mCREATE TABLE "squarrel_authentications" ("id" INTEGER PRIMARY KEY AUTOINCREMENT NOT NULL, "nut" varchar(255) NOT NULL, "orig_ip" varchar(255) NOT NULL, "ip" varchar(255) NOT NULL, "user_id" integer NOT NULL, "created_at" datetime, "updated_at" datetime) [0m
  [1m[35m (13.0ms)[0m  CREATE UNIQUE INDEX "index_squarrel_authentications_on_nut" ON "squarrel_authentications" ("nut")
  [1m[36m (16.5ms)[0m  [1mCREATE TABLE "schema_migrations" ("version" varchar(255) NOT NULL) [0m
  [1m[35m (15.3ms)[0m  CREATE UNIQUE INDEX "unique_schema_migrations" ON "schema_migrations" ("version")
  [1m[36m (0.6ms)[0m  [1mSELECT version FROM "schema_migrations"[0m
  [1m[35m (58.5ms)[0m  INSERT INTO "schema_migrations" (version) VALUES ('20131020012158')
  [1m[36m (17.1ms)[0m  [1mCREATE TABLE "squarrel_authentications" ("id" INTEGER PRIMARY KEY AUTOINCREMENT NOT NULL, "nut" varchar(255) NOT NULL, "orig_ip" varchar(255) NOT NULL, "ip" varchar(255) NOT NULL, "user_id" integer NOT NULL, "created_at" datetime, "updated_at" datetime) [0m
  [1m[35m (16.0ms)[0m  CREATE UNIQUE INDEX "index_squarrel_authentications_on_nut" ON "squarrel_authentications" ("nut")
  [1m[36m (16.0ms)[0m  [1mCREATE TABLE "schema_migrations" ("version" varchar(255) NOT NULL) [0m
  [1m[35m (16.4ms)[0m  CREATE UNIQUE INDEX "unique_schema_migrations" ON "schema_migrations" ("version")
  [1m[36m (0.8ms)[0m  [1mSELECT version FROM "schema_migrations"[0m
  [1m[35m (17.3ms)[0m  INSERT INTO "schema_migrations" (version) VALUES ('20131020012158')
  [1m[36m (17.9ms)[0m  [1mCREATE TABLE "squarrel_authentications" ("id" INTEGER PRIMARY KEY AUTOINCREMENT NOT NULL, "nut" varchar(255) NOT NULL, "orig_ip" varchar(255) NOT NULL, "ip" varchar(255) NOT NULL, "user_id" integer NOT NULL, "created_at" datetime, "updated_at" datetime) [0m
  [1m[35m (18.2ms)[0m  CREATE UNIQUE INDEX "index_squarrel_authentications_on_nut" ON "squarrel_authentications" ("nut")
  [1m[36m (17.7ms)[0m  [1mCREATE TABLE "schema_migrations" ("version" varchar(255) NOT NULL) [0m
  [1m[35m (20.5ms)[0m  CREATE UNIQUE INDEX "unique_schema_migrations" ON "schema_migrations" ("version")
  [1m[36m (1.1ms)[0m  [1mSELECT version FROM "schema_migrations"[0m
  [1m[35m (19.7ms)[0m  INSERT INTO "schema_migrations" (version) VALUES ('20131020012158')
  [1m[36m (19.2ms)[0m  [1mCREATE TABLE "squarrel_authentications" ("id" INTEGER PRIMARY KEY AUTOINCREMENT NOT NULL, "nut" varchar(255) NOT NULL, "orig_ip" varchar(255) NOT NULL, "ip" varchar(255) NOT NULL, "user_id" integer NOT NULL, "created_at" datetime, "updated_at" datetime) [0m
  [1m[35m (19.7ms)[0m  CREATE UNIQUE INDEX "index_squarrel_authentications_on_nut" ON "squarrel_authentications" ("nut")
  [1m[36m (23.1ms)[0m  [1mCREATE TABLE "schema_migrations" ("version" varchar(255) NOT NULL) [0m
  [1m[35m (17.6ms)[0m  CREATE UNIQUE INDEX "unique_schema_migrations" ON "schema_migrations" ("version")
  [1m[36m (0.6ms)[0m  [1mSELECT version FROM "schema_migrations"[0m
  [1m[35m (16.7ms)[0m  INSERT INTO "schema_migrations" (version) VALUES ('20131020012158')
  [1m[36m (14.9ms)[0m  [1mCREATE TABLE "squarrel_authentications" ("id" INTEGER PRIMARY KEY AUTOINCREMENT NOT NULL, "nut" varchar(255) NOT NULL, "orig_ip" varchar(255) NOT NULL, "ip" varchar(255) NOT NULL, "user_id" integer NOT NULL, "created_at" datetime, "updated_at" datetime) [0m
  [1m[35m (14.9ms)[0m  CREATE UNIQUE INDEX "index_squarrel_authentications_on_nut" ON "squarrel_authentications" ("nut")
  [1m[36m (15.8ms)[0m  [1mCREATE TABLE "schema_migrations" ("version" varchar(255) NOT NULL) [0m
  [1m[35m (16.5ms)[0m  CREATE UNIQUE INDEX "unique_schema_migrations" ON "schema_migrations" ("version")
  [1m[36m (0.6ms)[0m  [1mSELECT version FROM "schema_migrations"[0m
  [1m[35m (17.8ms)[0m  INSERT INTO "schema_migrations" (version) VALUES ('20131020012158')
  [1m[36m (14.3ms)[0m  [1mCREATE TABLE "squarrel_authentications" ("id" INTEGER PRIMARY KEY AUTOINCREMENT NOT NULL, "nut" varchar(255) NOT NULL, "orig_ip" varchar(255) NOT NULL, "ip" varchar(255) NOT NULL, "user_id" integer NOT NULL, "created_at" datetime, "updated_at" datetime) [0m
  [1m[35m (12.6ms)[0m  CREATE UNIQUE INDEX "index_squarrel_authentications_on_nut" ON "squarrel_authentications" ("nut")
  [1m[36m (16.4ms)[0m  [1mCREATE TABLE "schema_migrations" ("version" varchar(255) NOT NULL) [0m
  [1m[35m (17.2ms)[0m  CREATE UNIQUE INDEX "unique_schema_migrations" ON "schema_migrations" ("version")
  [1m[36m (0.3ms)[0m  [1mSELECT version FROM "schema_migrations"[0m
  [1m[35m (17.2ms)[0m  INSERT INTO "schema_migrations" (version) VALUES ('20131020012158')
  [1m[36m (19.5ms)[0m  [1mCREATE TABLE "squarrel_authentications" ("id" INTEGER PRIMARY KEY AUTOINCREMENT NOT NULL, "nut" varchar(255) NOT NULL, "orig_ip" varchar(255) NOT NULL, "ip" varchar(255) NOT NULL, "user_id" integer NOT NULL, "created_at" datetime, "updated_at" datetime) [0m
  [1m[35m (20.3ms)[0m  CREATE UNIQUE INDEX "index_squarrel_authentications_on_nut" ON "squarrel_authentications" ("nut")
  [1m[36m (19.1ms)[0m  [1mCREATE TABLE "schema_migrations" ("version" varchar(255) NOT NULL) [0m
  [1m[35m (18.5ms)[0m  CREATE UNIQUE INDEX "unique_schema_migrations" ON "schema_migrations" ("version")
  [1m[36m (0.8ms)[0m  [1mSELECT version FROM "schema_migrations"[0m
  [1m[35m (19.3ms)[0m  INSERT INTO "schema_migrations" (version) VALUES ('20131020012158')
  [1m[36m (15.7ms)[0m  [1mCREATE TABLE "squarrel_authentications" ("id" INTEGER PRIMARY KEY AUTOINCREMENT NOT NULL, "nut" varchar(255) NOT NULL, "orig_ip" varchar(255) NOT NULL, "ip" varchar(255) NOT NULL, "user_id" integer NOT NULL, "created_at" datetime, "updated_at" datetime) [0m
  [1m[35m (15.1ms)[0m  CREATE UNIQUE INDEX "index_squarrel_authentications_on_nut" ON "squarrel_authentications" ("nut")
  [1m[36m (17.9ms)[0m  [1mCREATE TABLE "schema_migrations" ("version" varchar(255) NOT NULL) [0m
  [1m[35m (18.8ms)[0m  CREATE UNIQUE INDEX "unique_schema_migrations" ON "schema_migrations" ("version")
  [1m[36m (0.8ms)[0m  [1mSELECT version FROM "schema_migrations"[0m
  [1m[35m (19.8ms)[0m  INSERT INTO "schema_migrations" (version) VALUES ('20131020012158')
  [1m[36m (21.8ms)[0m  [1mCREATE TABLE "squarrel_authentications" ("id" INTEGER PRIMARY KEY AUTOINCREMENT NOT NULL, "nut" varchar(255) NOT NULL, "orig_ip" varchar(255) NOT NULL, "ip" varchar(255) NOT NULL, "user_id" integer NOT NULL, "created_at" datetime, "updated_at" datetime) [0m
  [1m[35m (17.1ms)[0m  CREATE UNIQUE INDEX "index_squarrel_authentications_on_nut" ON "squarrel_authentications" ("nut")
  [1m[36m (18.5ms)[0m  [1mCREATE TABLE "schema_migrations" ("version" varchar(255) NOT NULL) [0m
  [1m[35m (18.4ms)[0m  CREATE UNIQUE INDEX "unique_schema_migrations" ON "schema_migrations" ("version")
  [1m[36m (0.6ms)[0m  [1mSELECT version FROM "schema_migrations"[0m
  [1m[35m (19.1ms)[0m  INSERT INTO "schema_migrations" (version) VALUES ('20131020012158')
  [1m[36m (20.1ms)[0m  [1mCREATE TABLE "squarrel_authentications" ("id" INTEGER PRIMARY KEY AUTOINCREMENT NOT NULL, "nut" varchar(255) NOT NULL, "orig_ip" varchar(255) NOT NULL, "ip" varchar(255) NOT NULL, "user_id" integer NOT NULL, "created_at" datetime, "updated_at" datetime) [0m
  [1m[35m (15.7ms)[0m  CREATE UNIQUE INDEX "index_squarrel_authentications_on_nut" ON "squarrel_authentications" ("nut")
  [1m[36m (16.4ms)[0m  [1mCREATE TABLE "schema_migrations" ("version" varchar(255) NOT NULL) [0m
  [1m[35m (17.7ms)[0m  CREATE UNIQUE INDEX "unique_schema_migrations" ON "schema_migrations" ("version")
  [1m[36m (0.6ms)[0m  [1mSELECT version FROM "schema_migrations"[0m
  [1m[35m (16.3ms)[0m  INSERT INTO "schema_migrations" (version) VALUES ('20131020012158')
  [1m[36m (8.8ms)[0m  [1mCREATE TABLE "squarrel_authentications" ("id" INTEGER PRIMARY KEY AUTOINCREMENT NOT NULL, "nut" varchar(255) NOT NULL, "orig_ip" varchar(255) NOT NULL, "ip" varchar(255) NOT NULL, "user_id" integer NOT NULL, "created_at" datetime, "updated_at" datetime) [0m
  [1m[35m (5.5ms)[0m  CREATE UNIQUE INDEX "index_squarrel_authentications_on_nut" ON "squarrel_authentications" ("nut")
  [1m[36m (6.4ms)[0m  [1mCREATE TABLE "schema_migrations" ("version" varchar(255) NOT NULL) [0m
  [1m[35m (4.8ms)[0m  CREATE UNIQUE INDEX "unique_schema_migrations" ON "schema_migrations" ("version")
  [1m[36m (0.2ms)[0m  [1mSELECT version FROM "schema_migrations"[0m
  [1m[35m (6.7ms)[0m  INSERT INTO "schema_migrations" (version) VALUES ('20131020012158')
  [1m[36m (19.6ms)[0m  [1mCREATE TABLE "squarrel_authentications" ("id" INTEGER PRIMARY KEY AUTOINCREMENT NOT NULL, "nut" varchar(255) NOT NULL, "orig_ip" varchar(255) NOT NULL, "ip" varchar(255) NOT NULL, "user_id" integer NOT NULL, "created_at" datetime, "updated_at" datetime) [0m
  [1m[35m (15.9ms)[0m  CREATE UNIQUE INDEX "index_squarrel_authentications_on_nut" ON "squarrel_authentications" ("nut")
  [1m[36m (15.5ms)[0m  [1mCREATE TABLE "schema_migrations" ("version" varchar(255) NOT NULL) [0m
  [1m[35m (15.9ms)[0m  CREATE UNIQUE INDEX "unique_schema_migrations" ON "schema_migrations" ("version")
  [1m[36m (1.5ms)[0m  [1mSELECT version FROM "schema_migrations"[0m
  [1m[35m (16.5ms)[0m  INSERT INTO "schema_migrations" (version) VALUES ('20131020012158')
  [1m[36m (19.8ms)[0m  [1mCREATE TABLE "squarrel_authentications" ("id" INTEGER PRIMARY KEY AUTOINCREMENT NOT NULL, "nut" varchar(255) NOT NULL, "orig_ip" varchar(255) NOT NULL, "ip" varchar(255) NOT NULL, "user_id" integer NOT NULL, "created_at" datetime, "updated_at" datetime) [0m
  [1m[35m (17.3ms)[0m  CREATE UNIQUE INDEX "index_squarrel_authentications_on_nut" ON "squarrel_authentications" ("nut")
  [1m[36m (21.7ms)[0m  [1mCREATE TABLE "schema_migrations" ("version" varchar(255) NOT NULL) [0m
  [1m[35m (19.4ms)[0m  CREATE UNIQUE INDEX "unique_schema_migrations" ON "schema_migrations" ("version")
  [1m[36m (0.6ms)[0m  [1mSELECT version FROM "schema_migrations"[0m
  [1m[35m (16.0ms)[0m  INSERT INTO "schema_migrations" (version) VALUES ('20131020012158')
  [1m[36m (15.7ms)[0m  [1mCREATE TABLE "squarrel_authentications" ("id" INTEGER PRIMARY KEY AUTOINCREMENT NOT NULL, "nut" varchar(255) NOT NULL, "orig_ip" varchar(255) NOT NULL, "ip" varchar(255) NOT NULL, "user_id" integer NOT NULL, "created_at" datetime, "updated_at" datetime) [0m
  [1m[35m (13.7ms)[0m  CREATE UNIQUE INDEX "index_squarrel_authentications_on_nut" ON "squarrel_authentications" ("nut")
  [1m[36m (15.4ms)[0m  [1mCREATE TABLE "schema_migrations" ("version" varchar(255) NOT NULL) [0m
  [1m[35m (18.3ms)[0m  CREATE UNIQUE INDEX "unique_schema_migrations" ON "schema_migrations" ("version")
  [1m[36m (0.6ms)[0m  [1mSELECT version FROM "schema_migrations"[0m
  [1m[35m (16.0ms)[0m  INSERT INTO "schema_migrations" (version) VALUES ('20131020012158')
  [1m[36m (17.0ms)[0m  [1mCREATE TABLE "squarrel_authentications" ("id" INTEGER PRIMARY KEY AUTOINCREMENT NOT NULL, "nut" varchar(255) NOT NULL, "orig_ip" varchar(255) NOT NULL, "ip" varchar(255) NOT NULL, "user_id" integer NOT NULL, "created_at" datetime, "updated_at" datetime) [0m
  [1m[35m (16.5ms)[0m  CREATE UNIQUE INDEX "index_squarrel_authentications_on_nut" ON "squarrel_authentications" ("nut")
  [1m[36m (18.3ms)[0m  [1mCREATE TABLE "schema_migrations" ("version" varchar(255) NOT NULL) [0m
  [1m[35m (18.8ms)[0m  CREATE UNIQUE INDEX "unique_schema_migrations" ON "schema_migrations" ("version")
  [1m[36m (0.8ms)[0m  [1mSELECT version FROM "schema_migrations"[0m
  [1m[35m (21.3ms)[0m  INSERT INTO "schema_migrations" (version) VALUES ('20131020012158')
  [1m[36m (21.0ms)[0m  [1mCREATE TABLE "squarrel_authentications" ("id" INTEGER PRIMARY KEY AUTOINCREMENT NOT NULL, "nut" varchar(255) NOT NULL, "orig_ip" varchar(255) NOT NULL, "ip" varchar(255) NOT NULL, "user_id" integer NOT NULL, "created_at" datetime, "updated_at" datetime) [0m
  [1m[35m (18.8ms)[0m  CREATE UNIQUE INDEX "index_squarrel_authentications_on_nut" ON "squarrel_authentications" ("nut")
  [1m[36m (16.2ms)[0m  [1mCREATE TABLE "schema_migrations" ("version" varchar(255) NOT NULL) [0m
  [1m[35m (20.1ms)[0m  CREATE UNIQUE INDEX "unique_schema_migrations" ON "schema_migrations" ("version")
  [1m[36m (0.9ms)[0m  [1mSELECT version FROM "schema_migrations"[0m
  [1m[35m (19.5ms)[0m  INSERT INTO "schema_migrations" (version) VALUES ('20131020012158')
  [1m[36m (19.1ms)[0m  [1mCREATE TABLE "squarrel_authentications" ("id" INTEGER PRIMARY KEY AUTOINCREMENT NOT NULL, "nut" varchar(255) NOT NULL, "orig_ip" varchar(255) NOT NULL, "ip" varchar(255) NOT NULL, "user_id" integer NOT NULL, "created_at" datetime, "updated_at" datetime) [0m
  [1m[35m (18.6ms)[0m  CREATE UNIQUE INDEX "index_squarrel_authentications_on_nut" ON "squarrel_authentications" ("nut")
  [1m[36m (20.0ms)[0m  [1mCREATE TABLE "schema_migrations" ("version" varchar(255) NOT NULL) [0m
  [1m[35m (18.2ms)[0m  CREATE UNIQUE INDEX "unique_schema_migrations" ON "schema_migrations" ("version")
  [1m[36m (0.7ms)[0m  [1mSELECT version FROM "schema_migrations"[0m
  [1m[35m (19.9ms)[0m  INSERT INTO "schema_migrations" (version) VALUES ('20131020012158')
  [1m[36m (16.9ms)[0m  [1mCREATE TABLE "squarrel_authentications" ("id" INTEGER PRIMARY KEY AUTOINCREMENT NOT NULL, "nut" varchar(255) NOT NULL, "orig_ip" varchar(255) NOT NULL, "ip" varchar(255) NOT NULL, "user_id" integer NOT NULL, "created_at" datetime, "updated_at" datetime) [0m
  [1m[35m (15.1ms)[0m  CREATE UNIQUE INDEX "index_squarrel_authentications_on_nut" ON "squarrel_authentications" ("nut")
  [1m[36m (17.1ms)[0m  [1mCREATE TABLE "schema_migrations" ("version" varchar(255) NOT NULL) [0m
  [1m[35m (18.0ms)[0m  CREATE UNIQUE INDEX "unique_schema_migrations" ON "schema_migrations" ("version")
  [1m[36m (0.5ms)[0m  [1mSELECT version FROM "schema_migrations"[0m
  [1m[35m (18.8ms)[0m  INSERT INTO "schema_migrations" (version) VALUES ('20131020012158')
  [1m[36m (18.8ms)[0m  [1mCREATE TABLE "squarrel_authentications" ("id" INTEGER PRIMARY KEY AUTOINCREMENT NOT NULL, "nut" varchar(255) NOT NULL, "orig_ip" varchar(255) NOT NULL, "ip" varchar(255) NOT NULL, "user_id" integer NOT NULL, "created_at" datetime, "updated_at" datetime) [0m
  [1m[35m (18.4ms)[0m  CREATE UNIQUE INDEX "index_squarrel_authentications_on_nut" ON "squarrel_authentications" ("nut")
  [1m[36m (20.4ms)[0m  [1mCREATE TABLE "schema_migrations" ("version" varchar(255) NOT NULL) [0m
  [1m[35m (17.2ms)[0m  CREATE UNIQUE INDEX "unique_schema_migrations" ON "schema_migrations" ("version")
  [1m[36m (0.7ms)[0m  [1mSELECT version FROM "schema_migrations"[0m
  [1m[35m (21.2ms)[0m  INSERT INTO "schema_migrations" (version) VALUES ('20131020012158')
  [1m[36m (17.6ms)[0m  [1mCREATE TABLE "squarrel_authentications" ("id" INTEGER PRIMARY KEY AUTOINCREMENT NOT NULL, "nut" varchar(255) NOT NULL, "orig_ip" varchar(255) NOT NULL, "ip" varchar(255) NOT NULL, "user_id" integer NOT NULL, "created_at" datetime, "updated_at" datetime) [0m
  [1m[35m (22.4ms)[0m  CREATE UNIQUE INDEX "index_squarrel_authentications_on_nut" ON "squarrel_authentications" ("nut")
  [1m[36m (16.6ms)[0m  [1mCREATE TABLE "schema_migrations" ("version" varchar(255) NOT NULL) [0m
  [1m[35m (16.7ms)[0m  CREATE UNIQUE INDEX "unique_schema_migrations" ON "schema_migrations" ("version")
  [1m[36m (0.9ms)[0m  [1mSELECT version FROM "schema_migrations"[0m
  [1m[35m (17.8ms)[0m  INSERT INTO "schema_migrations" (version) VALUES ('20131020012158')
  [1m[36m (61.1ms)[0m  [1mCREATE TABLE "squarrel_authentications" ("id" INTEGER PRIMARY KEY AUTOINCREMENT NOT NULL, "nut" varchar(255) NOT NULL, "orig_ip" varchar(255) NOT NULL, "ip" varchar(255) NOT NULL, "user_id" integer NOT NULL, "created_at" datetime, "updated_at" datetime) [0m
  [1m[35m (20.9ms)[0m  CREATE UNIQUE INDEX "index_squarrel_authentications_on_nut" ON "squarrel_authentications" ("nut")
  [1m[36m (44.2ms)[0m  [1mCREATE TABLE "schema_migrations" ("version" varchar(255) NOT NULL) [0m
  [1m[35m (17.4ms)[0m  CREATE UNIQUE INDEX "unique_schema_migrations" ON "schema_migrations" ("version")
  [1m[36m (0.6ms)[0m  [1mSELECT version FROM "schema_migrations"[0m
  [1m[35m (19.0ms)[0m  INSERT INTO "schema_migrations" (version) VALUES ('20131020012158')
  [1m[36m (16.4ms)[0m  [1mCREATE TABLE "squarrel_authentications" ("id" INTEGER PRIMARY KEY AUTOINCREMENT NOT NULL, "nut" varchar(255) NOT NULL, "orig_ip" varchar(255) NOT NULL, "ip" varchar(255) NOT NULL, "user_id" integer NOT NULL, "created_at" datetime, "updated_at" datetime) [0m
  [1m[35m (15.9ms)[0m  CREATE UNIQUE INDEX "index_squarrel_authentications_on_nut" ON "squarrel_authentications" ("nut")
  [1m[36m (17.7ms)[0m  [1mCREATE TABLE "schema_migrations" ("version" varchar(255) NOT NULL) [0m
  [1m[35m (20.4ms)[0m  CREATE UNIQUE INDEX "unique_schema_migrations" ON "schema_migrations" ("version")
  [1m[36m (0.6ms)[0m  [1mSELECT version FROM "schema_migrations"[0m
  [1m[35m (21.9ms)[0m  INSERT INTO "schema_migrations" (version) VALUES ('20131020012158')
  [1m[36m (17.6ms)[0m  [1mCREATE TABLE "squarrel_authentications" ("id" INTEGER PRIMARY KEY AUTOINCREMENT NOT NULL, "nut" varchar(255) NOT NULL, "orig_ip" varchar(255) NOT NULL, "ip" varchar(255) NOT NULL, "user_id" integer NOT NULL, "created_at" datetime, "updated_at" datetime) [0m
  [1m[35m (18.7ms)[0m  CREATE UNIQUE INDEX "index_squarrel_authentications_on_nut" ON "squarrel_authentications" ("nut")
  [1m[36m (38.2ms)[0m  [1mCREATE TABLE "schema_migrations" ("version" varchar(255) NOT NULL) [0m
  [1m[35m (24.4ms)[0m  CREATE UNIQUE INDEX "unique_schema_migrations" ON "schema_migrations" ("version")
  [1m[36m (0.8ms)[0m  [1mSELECT version FROM "schema_migrations"[0m
  [1m[35m (19.2ms)[0m  INSERT INTO "schema_migrations" (version) VALUES ('20131020012158')
  [1m[36m (17.7ms)[0m  [1mCREATE TABLE "squarrel_authentications" ("id" INTEGER PRIMARY KEY AUTOINCREMENT NOT NULL, "nut" varchar(255) NOT NULL, "orig_ip" varchar(255) NOT NULL, "ip" varchar(255) NOT NULL, "user_id" integer NOT NULL, "created_at" datetime, "updated_at" datetime) [0m
  [1m[35m (16.6ms)[0m  CREATE UNIQUE INDEX "index_squarrel_authentications_on_nut" ON "squarrel_authentications" ("nut")
  [1m[36m (18.9ms)[0m  [1mCREATE TABLE "schema_migrations" ("version" varchar(255) NOT NULL) [0m
  [1m[35m (18.5ms)[0m  CREATE UNIQUE INDEX "unique_schema_migrations" ON "schema_migrations" ("version")
  [1m[36m (0.6ms)[0m  [1mSELECT version FROM "schema_migrations"[0m
  [1m[35m (18.8ms)[0m  INSERT INTO "schema_migrations" (version) VALUES ('20131020012158')
  [1m[36m (19.4ms)[0m  [1mCREATE TABLE "squarrel_authentications" ("id" INTEGER PRIMARY KEY AUTOINCREMENT NOT NULL, "nut" varchar(255) NOT NULL, "orig_ip" varchar(255) NOT NULL, "ip" varchar(255) NOT NULL, "user_id" integer NOT NULL, "created_at" datetime, "updated_at" datetime) [0m
  [1m[35m (18.7ms)[0m  CREATE UNIQUE INDEX "index_squarrel_authentications_on_nut" ON "squarrel_authentications" ("nut")
  [1m[36m (20.7ms)[0m  [1mCREATE TABLE "schema_migrations" ("version" varchar(255) NOT NULL) [0m
  [1m[35m (20.3ms)[0m  CREATE UNIQUE INDEX "unique_schema_migrations" ON "schema_migrations" ("version")
  [1m[36m (0.9ms)[0m  [1mSELECT version FROM "schema_migrations"[0m
  [1m[35m (21.3ms)[0m  INSERT INTO "schema_migrations" (version) VALUES ('20131020012158')
  [1m[36m (16.2ms)[0m  [1mCREATE TABLE "squarrel_authentications" ("id" INTEGER PRIMARY KEY AUTOINCREMENT NOT NULL, "nut" varchar(255) NOT NULL, "orig_ip" varchar(255) NOT NULL, "ip" varchar(255) NOT NULL, "user_id" integer NOT NULL, "created_at" datetime, "updated_at" datetime) [0m
  [1m[35m (15.9ms)[0m  CREATE UNIQUE INDEX "index_squarrel_authentications_on_nut" ON "squarrel_authentications" ("nut")
  [1m[36m (16.9ms)[0m  [1mCREATE TABLE "schema_migrations" ("version" varchar(255) NOT NULL) [0m
  [1m[35m (19.2ms)[0m  CREATE UNIQUE INDEX "unique_schema_migrations" ON "schema_migrations" ("version")
  [1m[36m (0.6ms)[0m  [1mSELECT version FROM "schema_migrations"[0m
  [1m[35m (18.6ms)[0m  INSERT INTO "schema_migrations" (version) VALUES ('20131020012158')
  [1m[36m (15.6ms)[0m  [1mCREATE TABLE "squarrel_authentications" ("id" INTEGER PRIMARY KEY AUTOINCREMENT NOT NULL, "nut" varchar(255) NOT NULL, "orig_ip" varchar(255) NOT NULL, "ip" varchar(255) NOT NULL, "user_id" integer NOT NULL, "created_at" datetime, "updated_at" datetime) [0m
  [1m[35m (28.5ms)[0m  CREATE UNIQUE INDEX "index_squarrel_authentications_on_nut" ON "squarrel_authentications" ("nut")
  [1m[36m (16.0ms)[0m  [1mCREATE TABLE "schema_migrations" ("version" varchar(255) NOT NULL) [0m
  [1m[35m (18.1ms)[0m  CREATE UNIQUE INDEX "unique_schema_migrations" ON "schema_migrations" ("version")
  [1m[36m (0.5ms)[0m  [1mSELECT version FROM "schema_migrations"[0m
  [1m[35m (17.3ms)[0m  INSERT INTO "schema_migrations" (version) VALUES ('20131020012158')
  [1m[36m (18.2ms)[0m  [1mCREATE TABLE "squarrel_authentications" ("id" INTEGER PRIMARY KEY AUTOINCREMENT NOT NULL, "nut" varchar(255) NOT NULL, "orig_ip" varchar(255) NOT NULL, "ip" varchar(255) NOT NULL, "user_id" integer NOT NULL, "created_at" datetime, "updated_at" datetime) [0m
  [1m[35m (17.0ms)[0m  CREATE UNIQUE INDEX "index_squarrel_authentications_on_nut" ON "squarrel_authentications" ("nut")
  [1m[36m (16.5ms)[0m  [1mCREATE TABLE "schema_migrations" ("version" varchar(255) NOT NULL) [0m
  [1m[35m (16.7ms)[0m  CREATE UNIQUE INDEX "unique_schema_migrations" ON "schema_migrations" ("version")
  [1m[36m (0.1ms)[0m  [1mSELECT version FROM "schema_migrations"[0m
  [1m[35m (16.5ms)[0m  INSERT INTO "schema_migrations" (version) VALUES ('20131020012158')
  [1m[36m (16.1ms)[0m  [1mCREATE TABLE "squarrel_authentications" ("id" INTEGER PRIMARY KEY AUTOINCREMENT NOT NULL, "nut" varchar(255) NOT NULL, "orig_ip" varchar(255) NOT NULL, "ip" varchar(255) NOT NULL, "user_id" integer NOT NULL, "created_at" datetime, "updated_at" datetime) [0m
  [1m[35m (15.2ms)[0m  CREATE UNIQUE INDEX "index_squarrel_authentications_on_nut" ON "squarrel_authentications" ("nut")
  [1m[36m (16.1ms)[0m  [1mCREATE TABLE "schema_migrations" ("version" varchar(255) NOT NULL) [0m
  [1m[35m (16.5ms)[0m  CREATE UNIQUE INDEX "unique_schema_migrations" ON "schema_migrations" ("version")
  [1m[36m (0.5ms)[0m  [1mSELECT version FROM "schema_migrations"[0m
  [1m[35m (17.7ms)[0m  INSERT INTO "schema_migrations" (version) VALUES ('20131020012158')
